<?xml version="1.0" encoding="UTF-8"?>
<!-- Generated by org.testng.reporters.JUnitReportReporter -->
<testsuite skipped="0" hostname="BlackTower" name="katzevman_David.com.gearBest.tests.Test1" tests="1" failures="0" timestamp="27 Jun 2019 09:56:30 GMT" time="54.406" errors="0">
  <testcase name="gearBestLandingPageSearch" time="54.406" classname="katzevman_David.com.gearBest.tests.Test1"/>
</testsuite> <!-- katzevman_David.com.gearBest.tests.Test1 -->
