<?xml version="1.0" encoding="UTF-8"?>
<!-- Generated by org.testng.reporters.JUnitReportReporter -->
<testsuite skipped="0" hostname="BlackTower" name="katzevman_David.com.gearBest.tests.MainCategoriesTesting_FlashSale" tests="1" failures="0" timestamp="13 Jul 2019 14:31:35 GMT" time="58.202" errors="0">
  <testcase name="_0_05_gearBestFlashSale" time="58.202" classname="katzevman_David.com.gearBest.tests.MainCategoriesTesting_FlashSale"/>
</testsuite> <!-- katzevman_David.com.gearBest.tests.MainCategoriesTesting_FlashSale -->
