<?xml version="1.0" encoding="UTF-8"?>
<!-- Generated by org.testng.reporters.JUnitReportReporter -->
<testsuite skipped="0" hostname="BlackTower" name="katzevman_David.com.gearBest.tests.Test2" tests="1" failures="0" timestamp="06 Jul 2019 14:28:52 GMT" time="21.373" errors="0">
  <testcase name="_0_02_gearBestIndevidualProductTest" time="21.373" classname="katzevman_David.com.gearBest.tests.Test2"/>
</testsuite> <!-- katzevman_David.com.gearBest.tests.Test2 -->
