<?xml version="1.0" encoding="UTF-8"?>
<!-- Generated by org.testng.reporters.JUnitReportReporter -->
<testsuite skipped="0" hostname="BlackTower" name="katzevman_David.com.gearBest.tests.Test1" tests="1" failures="0" timestamp="06 Jul 2019 09:41:59 GMT" time="12.221" errors="0">
  <testcase name="_0_01_gearBestLandingPageSearch" time="12.221" classname="katzevman_David.com.gearBest.tests.Test1"/>
</testsuite> <!-- katzevman_David.com.gearBest.tests.Test1 -->
