<?xml version="1.0" encoding="UTF-8"?>
<!-- Generated by org.testng.reporters.JUnitReportReporter -->
<testsuite skipped="0" hostname="BlackTower" name="katzevman_David.com.gearBest.tests.MainCategoriesTesting" tests="1" failures="0" timestamp="13 Jul 2019 14:31:35 GMT" time="36.833" errors="0">
  <testcase name="_0_06_gearBestIndevidualCategoryTest" time="36.833" classname="katzevman_David.com.gearBest.tests.MainCategoriesTesting"/>
</testsuite> <!-- katzevman_David.com.gearBest.tests.MainCategoriesTesting -->
