<?xml version="1.0" encoding="UTF-8"?>
<!-- Generated by org.testng.reporters.JUnitReportReporter -->
<testsuite skipped="0" hostname="BlackTower" name="katzevman_David.com.gearBest.tests.ExternalLinks_part1" tests="1" failures="0" timestamp="12 Jul 2019 17:27:17 GMT" time="15.768" errors="0">
  <testcase name="_0_07_gearBestLinkTest1" time="15.768" classname="katzevman_David.com.gearBest.tests.ExternalLinks_part1"/>
</testsuite> <!-- katzevman_David.com.gearBest.tests.ExternalLinks_part1 -->
