<?xml version="1.0" encoding="UTF-8"?>
<!-- Generated by org.testng.reporters.JUnitReportReporter -->
<testsuite skipped="0" hostname="BlackTower" name="katzevman_David.com.gearBest.tests.Test3" tests="1" failures="0" timestamp="06 Jul 2019 10:41:21 GMT" time="40.787" errors="0">
  <testcase name="_0_02_gearBestIndevidualProductTest" time="40.787" classname="katzevman_David.com.gearBest.tests.Test3"/>
</testsuite> <!-- katzevman_David.com.gearBest.tests.Test3 -->
