<?xml version="1.0" encoding="UTF-8"?>
<!-- Generated by org.testng.reporters.JUnitReportReporter -->
<testsuite skipped="0" hostname="BlackTower" name="katzevman_David.com.gearBest.BasicTest" tests="1" failures="0" timestamp="06 Apr 2019 13:11:06 GMT" time="6.001" errors="0">
  <testcase name="_01_0_openAndSearchGearBest" time="6.001" classname="katzevman_David.com.gearBest.BasicTest"/>
</testsuite> <!-- katzevman_David.com.gearBest.BasicTest -->
