<?xml version="1.0" encoding="UTF-8"?>
<!-- Generated by org.testng.reporters.JUnitReportReporter -->
<testsuite skipped="0" hostname="BlackTower" name="katzevman_David.com.gearBest.tests.SiteLogInTests_part3" tests="1" failures="0" timestamp="13 Jul 2019 14:26:57 GMT" time="12.066" errors="0">
  <testcase name="_0_11_gearBest_basicFunctions_LoginTests_3" time="12.066" classname="katzevman_David.com.gearBest.tests.SiteLogInTests_part3"/>
</testsuite> <!-- katzevman_David.com.gearBest.tests.SiteLogInTests_part3 -->
