<?xml version="1.0" encoding="UTF-8"?>
<!-- Generated by org.testng.reporters.JUnitReportReporter -->
<testsuite skipped="0" hostname="BlackTower" name="katzevman_David.com.gearBest.tests.ProductsDiscountTesting" tests="1" failures="0" timestamp="13 Jul 2019 16:03:21 GMT" time="29.779" errors="0">
  <testcase name="_0_02_gearBestIndevidualProductTest_1" time="29.779" classname="katzevman_David.com.gearBest.tests.ProductsDiscountTesting"/>
</testsuite> <!-- katzevman_David.com.gearBest.tests.ProductsDiscountTesting -->
