<?xml version="1.0" encoding="UTF-8"?>
<!-- Generated by org.testng.reporters.JUnitReportReporter -->
<testsuite skipped="0" hostname="BlackTower" name="katzevman_David.com.gearBest.tests.Test6" tests="1" failures="0" timestamp="11 Jul 2019 18:28:56 GMT" time="16.934" errors="0">
  <testcase name="_0_06_gearBestLinkTest1" time="16.934" classname="katzevman_David.com.gearBest.tests.Test6"/>
</testsuite> <!-- katzevman_David.com.gearBest.tests.Test6 -->
