<?xml version="1.0" encoding="UTF-8"?>
<!-- Generated by org.testng.reporters.JUnitReportReporter -->
<testsuite skipped="0" hostname="BlackTower" name="katzevman_David.com.gearBest.tests.SiteLogInTests" tests="1" failures="0" timestamp="12 Jul 2019 13:47:24 GMT" time="13.638" errors="0">
  <testcase name="_0_09_gearBestLoginTests" time="13.638" classname="katzevman_David.com.gearBest.tests.SiteLogInTests"/>
</testsuite> <!-- katzevman_David.com.gearBest.tests.SiteLogInTests -->
