<?xml version="1.0" encoding="UTF-8"?>
<!-- Generated by org.testng.reporters.JUnitReportReporter -->
<testsuite skipped="0" hostname="BlackTower" name="katzevman_David.com.gearBest.tests.Test4" tests="1" failures="0" timestamp="05 Jul 2019 08:04:41 GMT" time="20.822" errors="0">
  <testcase name="_0_04_gearBestFlashSale" time="20.822" classname="katzevman_David.com.gearBest.tests.Test4"/>
</testsuite> <!-- katzevman_David.com.gearBest.tests.Test4 -->
