<?xml version="1.0" encoding="UTF-8"?>
<!-- Generated by org.testng.reporters.JUnitReportReporter -->
<testsuite skipped="0" hostname="BlackTower" name="katzevman_David.com.gearBest.tests.Test5" tests="1" failures="0" timestamp="07 Jul 2019 19:52:13 GMT" time="26.816" errors="0">
  <testcase name="_0_05_gearBestIndevidualCategoryTest" time="26.816" classname="katzevman_David.com.gearBest.tests.Test5"/>
</testsuite> <!-- katzevman_David.com.gearBest.tests.Test5 -->
