<?xml version="1.0" encoding="UTF-8"?>
<!-- Generated by org.testng.reporters.JUnitReportReporter -->
<testsuite skipped="0" hostname="BlackTower" name="katzevman_David.com.gearBest.tests.Test3" tests="1" failures="0" timestamp="29 Jun 2019 17:19:49 GMT" time="23.824" errors="0">
  <testcase name="_0_02_gearBestIndevidualProductTest" time="23.824" classname="katzevman_David.com.gearBest.tests.Test3"/>
</testsuite> <!-- katzevman_David.com.gearBest.tests.Test3 -->
