<?xml version="1.0" encoding="UTF-8"?>
<!-- Generated by org.testng.reporters.JUnitReportReporter -->
<testsuite skipped="0" hostname="BlackTower" name="katzevman_David.com.gearBest.tests.Test4" tests="1" failures="0" timestamp="01 Jul 2019 19:42:04 GMT" time="21.085" errors="0">
  <testcase name="_0_04_gearBestFlashSale" time="21.085" classname="katzevman_David.com.gearBest.tests.Test4"/>
</testsuite> <!-- katzevman_David.com.gearBest.tests.Test4 -->
