<?xml version="1.0" encoding="UTF-8"?>
<!-- Generated by org.testng.reporters.JUnitReportReporter -->
<testsuite skipped="0" hostname="BlackTower" name="katzevman_David.com.gearBest.tests.ExternalLinks_part2" tests="1" failures="0" timestamp="13 Jul 2019 14:26:57 GMT" time="8.155" errors="0">
  <testcase name="_0_08_gearBestLinkTest2" time="8.155" classname="katzevman_David.com.gearBest.tests.ExternalLinks_part2"/>
</testsuite> <!-- katzevman_David.com.gearBest.tests.ExternalLinks_part2 -->
