<?xml version="1.0" encoding="UTF-8"?>
<!-- Generated by org.testng.reporters.JUnitReportReporter -->
<testsuite skipped="0" hostname="BlackTower" name="katzevman_David.com.gearBest.tests.Test2" tests="1" failures="0" timestamp="29 Jun 2019 19:27:07 GMT" time="24.858" errors="0">
  <testcase name="_0_02_gearBestIndevidualProductTest" time="24.858" classname="katzevman_David.com.gearBest.tests.Test2"/>
</testsuite> <!-- katzevman_David.com.gearBest.tests.Test2 -->
