<?xml version="1.0" encoding="UTF-8"?>
<!-- Generated by org.testng.reporters.JUnitReportReporter -->
<testsuite skipped="0" hostname="BlackTower" name="katzevman_David.com.gearBest.tests.Test3" tests="1" failures="0" timestamp="06 Jul 2019 19:07:18 GMT" time="36.555" errors="0">
  <testcase name="_0_02_gearBestSearchbarTests" time="36.555" classname="katzevman_David.com.gearBest.tests.Test3"/>
</testsuite> <!-- katzevman_David.com.gearBest.tests.Test3 -->
