<?xml version="1.0" encoding="UTF-8"?>
<!-- Generated by org.testng.reporters.JUnitReportReporter -->
<testsuite skipped="0" hostname="BlackTower" name="katzevman_David.com.gearBest.BasicTest" tests="1" failures="0" timestamp="23 Jun 2019 19:56:12 GMT" time="5.591" errors="0">
  <testcase name="_01_0_openAndSearchGearBest" time="5.591" classname="katzevman_David.com.gearBest.BasicTest"/>
</testsuite> <!-- katzevman_David.com.gearBest.BasicTest -->
