<?xml version="1.0" encoding="UTF-8"?>
<!-- Generated by org.testng.reporters.JUnitReportReporter -->
<testsuite skipped="0" hostname="BlackTower" name="katzevman_David.com.gearBest.BasicTest" tests="1" failures="0" timestamp="07 Jul 2019 21:23:39 GMT" time="2.478" errors="0">
  <testcase name="_01_0_openAndSearchGearBest" time="2.478" classname="katzevman_David.com.gearBest.BasicTest"/>
</testsuite> <!-- katzevman_David.com.gearBest.BasicTest -->
