<?xml version="1.0" encoding="UTF-8"?>
<!-- Generated by org.testng.reporters.JUnitReportReporter -->
<testsuite skipped="0" hostname="BlackTower" name="katzevman_David.com.gearBest.tests.BasicUserFlow" tests="1" failures="0" timestamp="13 Jul 2019 17:44:52 GMT" time="11.121" errors="0">
  <testcase name="_0_01_gearBestLandingPageSearch" time="11.121" classname="katzevman_David.com.gearBest.tests.BasicUserFlow"/>
</testsuite> <!-- katzevman_David.com.gearBest.tests.BasicUserFlow -->
