<?xml version="1.0" encoding="UTF-8"?>
<!-- Generated by org.testng.reporters.JUnitReportReporter -->
<testsuite skipped="0" hostname="BlackTower" name="katzevman_David.com.gearBest.tests.SiteLogInTests_part3" tests="1" failures="0" timestamp="12 Jul 2019 15:07:55 GMT" time="14.975" errors="0">
  <testcase name="_0_11_gearBest_basicFunctions_LoginTests_3" time="14.975" classname="katzevman_David.com.gearBest.tests.SiteLogInTests_part3"/>
</testsuite> <!-- katzevman_David.com.gearBest.tests.SiteLogInTests_part3 -->
