<?xml version="1.0" encoding="UTF-8"?>
<!-- Generated by org.testng.reporters.JUnitReportReporter -->
<testsuite skipped="0" hostname="BlackTower" name="katzevman_David.com.gearBest.tests.DataProviderFunctions" tests="3" failures="0" timestamp="13 Jul 2019 17:42:32 GMT" time="42.793" errors="0">
  <testcase name="searchFromMainLandingPage" time="13.055" classname="katzevman_David.com.gearBest.tests.DataProviderFunctions"/>
  <testcase name="searchFromMainLandingPage" time="13.167" classname="katzevman_David.com.gearBest.tests.DataProviderFunctions"/>
  <testcase name="searchFromMainLandingPage" time="16.571" classname="katzevman_David.com.gearBest.tests.DataProviderFunctions"/>
</testsuite> <!-- katzevman_David.com.gearBest.tests.DataProviderFunctions -->
