<?xml version="1.0" encoding="UTF-8"?>
<!-- Generated by org.testng.reporters.JUnitReportReporter -->
<testsuite skipped="0" hostname="BlackTower" name="katzevman_David.com.gearBest.BasicTest" tests="1" failures="0" timestamp="30 Mar 2019 16:38:36 GMT" time="5.685" errors="0">
  <testcase name="_01_0_openAndSearchGearBest" time="5.685" classname="katzevman_David.com.gearBest.BasicTest"/>
</testsuite> <!-- katzevman_David.com.gearBest.BasicTest -->
