<?xml version="1.0" encoding="UTF-8"?>
<!-- Generated by org.testng.reporters.JUnitReportReporter -->
<testsuite skipped="0" hostname="BlackTower" name="katzevman_David.com.gearBest.tests.SiteLogInTests_part2" tests="1" failures="0" timestamp="13 Jul 2019 08:56:00 GMT" time="22.377" errors="0">
  <testcase name="_0_10_gearBest_basicFunctions_LoginTests_2" time="22.377" classname="katzevman_David.com.gearBest.tests.SiteLogInTests_part2"/>
</testsuite> <!-- katzevman_David.com.gearBest.tests.SiteLogInTests_part2 -->
